\BOOKMARK [0][-]{chapter*.1}{\376\377\000R\000e\000s\000u\000m\000e\000n}{}% 1
\BOOKMARK [0][-]{chapter*.2}{\376\377\000\315\000n\000d\000i\000c\000e\000\040\000g\000e\000n\000e\000r\000a\000l}{}% 2
\BOOKMARK [0][-]{chapter*.3}{\376\377\000\315\000n\000d\000i\000c\000e\000\040\000d\000e\000\040\000f\000i\000g\000u\000r\000a\000s}{}% 3
\BOOKMARK [0][-]{chapter*.4}{\376\377\000I\000n\000d\000i\000c\000e\000\040\000d\000e\000\040\000t\000a\000b\000l\000a\000s}{}% 4
\BOOKMARK [0][-]{chapter.1}{\376\377\000I\000n\000t\000r\000o\000d\000u\000c\000c\000i\000\363\000n}{}% 5
\BOOKMARK [0][-]{chapter.2}{\376\377\000C\000i\000c\000l\000o\000\040\000d\000e\000\040\000v\000i\000d\000a\000\040\000y\000\040\000P\000a\000r\000t\000i\000c\000i\000p\000a\000c\000i\000\363\000n\000\040\000d\000e\000\040\000l\000o\000s\000\040\000u\000s\000u\000a\000r\000i\000o\000s\000\040\000e\000n\000\040\000e\000l\000\040\000p\000r\000o\000y\000e\000c\000t\000o}{}% 6
\BOOKMARK [1][-]{section.2.1}{\376\377\000C\000i\000c\000l\000o\000s\000\040\000d\000e\000\040\000B\000a\000l\000d\000u\000g\000e\000n\000d\000a}{chapter.2}% 7
\BOOKMARK [2][-]{subsection.2.1.1}{\376\377\000C\000i\000c\000l\000o\000\040\000U\000n\000o}{section.2.1}% 8
\BOOKMARK [2][-]{subsection.2.1.2}{\376\377\000C\000i\000c\000l\000o\000\040\000D\000o\000s}{section.2.1}% 9
\BOOKMARK [2][-]{subsection.2.1.3}{\376\377\000C\000i\000c\000l\000o\000\040\000T\000r\000e\000s}{section.2.1}% 10
\BOOKMARK [0][-]{chapter.3}{\376\377\000U\000s\000u\000a\000r\000i\000o\000s}{}% 11
\BOOKMARK [1][-]{section.3.1}{\376\377\000T\000i\000p\000o\000\040\000d\000e\000\040\000u\000s\000u\000a\000r\000i\000o\000s}{chapter.3}% 12
\BOOKMARK [1][-]{section.3.2}{\376\377\000P\000r\000u\000e\000b\000a\000s}{chapter.3}% 13
\BOOKMARK [1][-]{section.3.3}{\376\377\000T\000i\000p\000o\000s\000\040\000d\000e\000\040\000d\000o\000c\000u\000m\000e\000n\000t\000o\000s\000\040\000u\000s\000a\000d\000o\000s}{chapter.3}% 14
\BOOKMARK [1][-]{section.3.4}{\376\377\000M\000e\000d\000i\000o\000s\000\040\000d\000e\000\040\000c\000o\000m\000u\000n\000i\000c\000a\000c\000i\000\363\000n}{chapter.3}% 15
\BOOKMARK [1][-]{section.3.5}{\376\377\000A\000p\000o\000r\000t\000a\000c\000i\000o\000n\000e\000s\000\040\000R\000e\000a\000l\000i\000z\000a\000d\000a\000s}{chapter.3}% 16
\BOOKMARK [1][-]{section.3.6}{\376\377\000U\000s\000u\000a\000r\000i\000o\000s\000\040\000y\000\040\000s\000u\000\040\000r\000e\000l\000a\000c\000i\000\363\000n\000\040\000c\000o\000n\000\040\000l\000a\000s\000\040\000a\000p\000l\000i\000c\000a\000c\000i\000o\000n\000e\000s\000\040\000m\000\363\000v\000i\000l\000e\000s}{chapter.3}% 17
\BOOKMARK [1][-]{section.3.7}{\376\377\000P\000r\000o\000b\000l\000e\000m\000a\000s\000\040\000e\000n\000c\000o\000n\000t\000r\000a\000d\000o\000s\000\040\000c\000o\000n\000\040\000l\000o\000s\000\040\000u\000s\000u\000a\000r\000i\000o\000s}{chapter.3}% 18
\BOOKMARK [0][-]{chapter.4}{\376\377\000A\000p\000l\000i\000c\000a\000c\000i\000\363\000n}{}% 19
\BOOKMARK [1][-]{section.4.1}{\376\377\000A\000n\000\341\000l\000i\000s\000i\000s\000\040\000y\000\040\000d\000i\000s\000e\000\361\000o}{chapter.4}% 20
\BOOKMARK [2][-]{subsection.4.1.1}{\376\377\000A\000r\000q\000u\000i\000t\000e\000c\000t\000u\000r\000a}{section.4.1}% 21
\BOOKMARK [3][-]{subsubsection.4.1.1.1}{\376\377\000A\000r\000q\000u\000i\000t\000e\000c\000t\000u\000r\000a\000s\000\040\000i\000d\000e\000n\000t\000i\000f\000i\000c\000a\000d\000a\000s}{subsection.4.1.1}% 22
\BOOKMARK [3][-]{subsubsection.4.1.1.2}{\376\377\000F\000o\000r\000m\000a\000t\000o\000\040\000d\000e\000\040\000g\000u\000a\000r\000d\000a\000d\000o}{subsection.4.1.1}% 23
\BOOKMARK [2][-]{subsection.4.1.2}{\376\377\000C\000a\000s\000o\000s\000\040\000d\000e\000\040\000u\000s\000o}{section.4.1}% 24
\BOOKMARK [3][-]{subsubsection.4.1.2.1}{\376\377\000C\000a\000s\000o\000s\000\040\000d\000e\000\040\000u\000s\000o\000\040\000s\000o\000b\000r\000e\000\040\000A\000s\000i\000g\000n\000a\000t\000u\000r\000a}{subsection.4.1.2}% 25
\BOOKMARK [3][-]{subsubsection.4.1.2.2}{\376\377\000C\000a\000s\000o\000s\000\040\000d\000e\000\040\000u\000s\000o\000\040\000s\000o\000b\000r\000e\000\040\000E\000x\000a\000m\000e\000n}{subsection.4.1.2}% 26
\BOOKMARK [3][-]{subsubsection.4.1.2.3}{\376\377\000C\000a\000s\000o\000s\000\040\000d\000e\000\040\000u\000s\000o\000\040\000s\000o\000b\000r\000e\000\040\000N\000o\000t\000a}{subsection.4.1.2}% 27
\BOOKMARK [3][-]{subsubsection.4.1.2.4}{\376\377\000C\000a\000s\000o\000s\000\040\000d\000e\000\040\000u\000s\000o\000\040\000g\000e\000n\000e\000r\000a\000l\000e\000s}{subsection.4.1.2}% 28
\BOOKMARK [2][-]{subsection.4.1.3}{\376\377\000M\000o\000d\000e\000l\000o\000\040\000d\000e\000\040\000d\000a\000t\000o\000s}{section.4.1}% 29
\BOOKMARK [2][-]{subsection.4.1.4}{\376\377\000I\000n\000t\000e\000r\000f\000a\000c\000e\000s\000\040\000d\000e\000\040\000u\000s\000u\000a\000r\000i\000o}{section.4.1}% 30
\BOOKMARK [2][-]{subsection.4.1.5}{\376\377\000A\000n\000\341\000l\000i\000s\000i\000s\000\040\000d\000e\000\040\000d\000i\000s\000e\000\361\000o}{section.4.1}% 31
\BOOKMARK [1][-]{section.4.2}{\376\377\000D\000e\000s\000a\000r\000r\000o\000l\000l\000o\000\040\000y\000\040\000p\000r\000u\000e\000b\000a\000s}{chapter.4}% 32
\BOOKMARK [2][-]{subsection.4.2.1}{\376\377\000U\000t\000i\000l\000i\000z\000a\000c\000i\000\363\000n\000\040\000d\000e\000\040\000A\000P\000I\000s}{section.4.2}% 33
\BOOKMARK [2][-]{subsection.4.2.2}{\376\377\000D\000i\000s\000p\000o\000s\000i\000t\000i\000v\000o\000s}{section.4.2}% 34
\BOOKMARK [2][-]{subsection.4.2.3}{\376\377\000A\000l\000m\000a\000c\000e\000n\000a\000m\000i\000e\000n\000t\000o}{section.4.2}% 35
\BOOKMARK [3][-]{subsubsection.4.2.3.1}{\376\377\000A\000s\000i\000g\000n\000a\000t\000u\000r\000a\000s}{subsection.4.2.3}% 36
\BOOKMARK [3][-]{subsubsection.4.2.3.2}{\376\377\000E\000x\000\341\000m\000e\000n\000e\000s}{subsection.4.2.3}% 37
\BOOKMARK [3][-]{subsubsection.4.2.3.3}{\376\377\000N\000o\000t\000a\000s}{subsection.4.2.3}% 38
\BOOKMARK [2][-]{subsection.4.2.4}{\376\377\000B\000a\000c\000k\000u\000p}{section.4.2}% 39
\BOOKMARK [2][-]{subsection.4.2.5}{\376\377\000I\000n\000t\000e\000r\000a\000c\000c\000i\000\363\000n\000\040\000c\000o\000n\000\040\000l\000a\000\040\000a\000p\000p}{section.4.2}% 40
\BOOKMARK [0][-]{chapter.5}{\376\377\000D\000e\000s\000a\000r\000r\000o\000l\000l\000o\000\040\000d\000e\000\040\000a\000p\000p\000s\000\040\000t\000i\000p\000o\000\040\000B\000a\000l\000d\000u\000g\000e\000n\000d\000a}{}% 41
\BOOKMARK [1][-]{section.5.1}{\376\377\000G\000o\000o\000g\000l\000e}{chapter.5}% 42
\BOOKMARK [2][-]{subsection.5.1.1}{\376\377\000G\000o\000o\000g\000l\000e\000\040\000P\000l\000a\000y}{section.5.1}% 43
\BOOKMARK [2][-]{subsection.5.1.2}{\376\377\000U\000s\000o\000\040\000d\000e\000\040\000A\000P\000I\000s}{section.5.1}% 44
\BOOKMARK [2][-]{subsection.5.1.3}{\376\377\000U\000s\000o\000\040\000d\000e\000\040\000c\000a\000l\000e\000n\000d\000a\000r\000i\000o\000s}{section.5.1}% 45
\BOOKMARK [2][-]{subsection.5.1.4}{\376\377\000D\000e\000b\000u\000g\000g\000i\000n\000g}{section.5.1}% 46
\BOOKMARK [2][-]{subsection.5.1.5}{\376\377\000N\000o\000t\000i\000f\000i\000c\000a\000c\000i\000o\000n\000e\000s}{section.5.1}% 47
\BOOKMARK [2][-]{subsection.5.1.6}{\376\377\000B\000a\000c\000k\000u\000p}{section.5.1}% 48
\BOOKMARK [2][-]{subsection.5.1.7}{\376\377\000P\000r\000o\000b\000l\000e\000m\000a\000s\000\040\000a\000l\000\040\000d\000e\000s\000a\000r\000r\000o\000l\000l\000a\000r\000\040\000c\000o\000n\000\040\000G\000o\000o\000g\000l\000e}{section.5.1}% 49
\BOOKMARK [3][-]{subsubsection.5.1.7.1}{\376\377\000P\000r\000o\000b\000l\000e\000m\000a\000s\000\040\000G\000o\000o\000g\000l\000e\000\040\000C\000a\000l\000e\000n\000d\000a\000r}{subsection.5.1.7}% 50
\BOOKMARK [3][-]{subsubsection.5.1.7.2}{\376\377\000P\000r\000o\000b\000l\000e\000m\000a\000s\000\040\000G\000o\000o\000g\000l\000e\000\040\000D\000r\000i\000v\000e}{subsection.5.1.7}% 51
\BOOKMARK [1][-]{section.5.2}{\376\377\000A\000n\000d\000r\000o\000i\000d}{chapter.5}% 52
\BOOKMARK [2][-]{subsection.5.2.1}{\376\377\000R\000e\000s\000t\000r\000i\000c\000c\000i\000o\000n\000e\000s\000\040\000d\000e\000\040\000A\000P\000I}{section.5.2}% 53
\BOOKMARK [2][-]{subsection.5.2.2}{\376\377\000T\000i\000p\000o\000\040\000d\000e\000\040\000d\000i\000s\000p\000o\000s\000i\000t\000i\000v\000o\000s}{section.5.2}% 54
\BOOKMARK [2][-]{subsection.5.2.3}{\376\377\000I\000n\000t\000e\000r\000f\000a\000z}{section.5.2}% 55
\BOOKMARK [2][-]{subsection.5.2.4}{\376\377\000M\000i\000g\000r\000a\000c\000i\000\363\000n}{section.5.2}% 56
\BOOKMARK [2][-]{subsection.5.2.5}{\376\377\000N\000o\000t\000i\000f\000i\000c\000a\000c\000i\000o\000n\000e\000s}{section.5.2}% 57
\BOOKMARK [2][-]{subsection.5.2.6}{\376\377\000U\000s\000o\000\040\000d\000e\000\040\000c\000a\000l\000e\000n\000d\000a\000r\000i\000o\000s}{section.5.2}% 58
\BOOKMARK [2][-]{subsection.5.2.7}{\376\377\000T\000a\000r\000e\000a\000s\000\040\000a\000s\000\355\000n\000c\000r\000o\000n\000a\000s}{section.5.2}% 59
\BOOKMARK [2][-]{subsection.5.2.8}{\376\377\000B\000a\000c\000k\000u\000p}{section.5.2}% 60
\BOOKMARK [2][-]{subsection.5.2.9}{\376\377\000D\000e\000b\000u\000g\000g\000i\000n\000g}{section.5.2}% 61
\BOOKMARK [2][-]{subsection.5.2.10}{\376\377\000C\000o\000n\000t\000r\000o\000l\000\040\000d\000e\000\040\000v\000e\000r\000s\000i\000o\000n\000e\000s}{section.5.2}% 62
\BOOKMARK [2][-]{subsection.5.2.11}{\376\377\000P\000r\000o\000b\000l\000e\000m\000a\000s\000\040\000a\000l\000\040\000d\000e\000s\000a\000r\000r\000o\000l\000l\000a\000r\000\040\000e\000n\000\040\000A\000n\000d\000r\000o\000i\000d}{section.5.2}% 63
\BOOKMARK [0][-]{chapter.6}{\376\377\000O\000n\000d\000o\000r\000i\000o\000a\000k\000/\000c\000o\000n\000c\000l\000u\000s\000i\000o\000n\000e\000s}{}% 64
